[ 2019-05-17T16:07:59+08:00 ] 127.0.0.1 /
INFO: [ app_init ] --START--
INFO: Run Behavior\BuildLiteBehavior [ RunTime:0.000013s ]
INFO: [ app_init ] --END-- [ RunTime:0.009126s ]
INFO: [ app_begin ] --START--
INFO: Run Behavior\ReadHtmlCacheBehavior [ RunTime:0.011866s ]
INFO: [ app_begin ] --END-- [ RunTime:0.011909s ]
NOTIC: [8] Undefined index: keyword E:\A_Lance\php_niqiu\Application\Home\Controller\IndexController.class.php 第 8 行.
NOTIC: [8] Undefined index: plan E:\A_Lance\php_niqiu\Application\Home\Controller\IndexController.class.php 第 9 行.
NOTIC: [8] Undefined index: unit E:\A_Lance\php_niqiu\Application\Home\Controller\IndexController.class.php 第 10 行.
SQL: SHOW COLUMNS FROM `info` [ RunTime:0.0385s ]
SQL: SELECT `phone` FROM `info` WHERE ( id = '1' ) LIMIT 1   [ RunTime:0.0377s ]
SQL: SELECT `code` FROM `info` WHERE ( id = '1' ) LIMIT 1   [ RunTime:0.0361s ]
INFO: [ view_parse ] --START--
INFO: [ template_filter ] --START--
INFO: Run Behavior\ContentReplaceBehavior [ RunTime:0.000090s ]
INFO: [ template_filter ] --END-- [ RunTime:0.000127s ]
NOTIC: [8] A session had already been started - ignoring session_start() E:\A_Lance\php_niqiu\Application\Runtime\Cache\Home\2a94b8bda04ff446dcedd42276fc99ee.php 第 1 行.
NOTIC: [8] Undefined index: keyword E:\A_Lance\php_niqiu\Application\Runtime\Cache\Home\2a94b8bda04ff446dcedd42276fc99ee.php 第 70 行.
NOTIC: [8] Undefined index: plan E:\A_Lance\php_niqiu\Application\Runtime\Cache\Home\2a94b8bda04ff446dcedd42276fc99ee.php 第 71 行.
NOTIC: [8] Undefined index: unit E:\A_Lance\php_niqiu\Application\Runtime\Cache\Home\2a94b8bda04ff446dcedd42276fc99ee.php 第 72 行.
NOTIC: [8] Undefined index: keyword E:\A_Lance\php_niqiu\Application\Runtime\Cache\Home\2a94b8bda04ff446dcedd42276fc99ee.php 第 119 行.
NOTIC: [8] Undefined index: plan E:\A_Lance\php_niqiu\Application\Runtime\Cache\Home\2a94b8bda04ff446dcedd42276fc99ee.php 第 120 行.
NOTIC: [8] Undefined index: unit E:\A_Lance\php_niqiu\Application\Runtime\Cache\Home\2a94b8bda04ff446dcedd42276fc99ee.php 第 121 行.
INFO: Run Behavior\ParseTemplateBehavior [ RunTime:0.040232s ]
INFO: [ view_parse ] --END-- [ RunTime:0.040274s ]
INFO: [ view_filter ] --START--
INFO: Run Behavior\WriteHtmlCacheBehavior [ RunTime:0.001507s ]
INFO: [ view_filter ] --END-- [ RunTime:0.001580s ]
INFO: [ app_end ] --START--
INFO: Run Behavior\ShowPageTraceBehavior [ RunTime:0.000948s ]
INFO: [ app_end ] --END-- [ RunTime:0.001004s ]

[ 2019-05-17T16:18:56+08:00 ] 127.0.0.1 /
INFO: [ app_init ] --START--
INFO: Run Behavior\BuildLiteBehavior [ RunTime:0.000015s ]
INFO: [ app_init ] --END-- [ RunTime:0.000827s ]
INFO: [ app_begin ] --START--
INFO: Run Behavior\ReadHtmlCacheBehavior [ RunTime:0.000916s ]
INFO: [ app_begin ] --END-- [ RunTime:0.001004s ]
NOTIC: [8] Undefined index: keyword E:\A_Lance\php_niqiu\Application\Home\Controller\IndexController.class.php 第 8 行.
NOTIC: [8] Undefined index: plan E:\A_Lance\php_niqiu\Application\Home\Controller\IndexController.class.php 第 9 行.
NOTIC: [8] Undefined index: unit E:\A_Lance\php_niqiu\Application\Home\Controller\IndexController.class.php 第 10 行.
SQL: SHOW COLUMNS FROM `info` [ RunTime:0.0329s ]
SQL: SELECT `phone` FROM `info` WHERE ( id = '1' ) LIMIT 1   [ RunTime:0.0346s ]
SQL: SELECT `code` FROM `info` WHERE ( id = '1' ) LIMIT 1   [ RunTime:0.0315s ]
INFO: [ view_parse ] --START--
INFO: [ template_filter ] --START--
INFO: Run Behavior\ContentReplaceBehavior [ RunTime:0.000096s ]
INFO: [ template_filter ] --END-- [ RunTime:0.000137s ]
NOTIC: [8] A session had already been started - ignoring session_start() E:\A_Lance\php_niqiu\Application\Runtime\Cache\Home\2a94b8bda04ff446dcedd42276fc99ee.php 第 1 行.
NOTIC: [8] Undefined index: keyword E:\A_Lance\php_niqiu\Application\Runtime\Cache\Home\2a94b8bda04ff446dcedd42276fc99ee.php 第 70 行.
NOTIC: [8] Undefined index: plan E:\A_Lance\php_niqiu\Application\Runtime\Cache\Home\2a94b8bda04ff446dcedd42276fc99ee.php 第 71 行.
NOTIC: [8] Undefined index: unit E:\A_Lance\php_niqiu\Application\Runtime\Cache\Home\2a94b8bda04ff446dcedd42276fc99ee.php 第 72 行.
NOTIC: [8] Undefined index: keyword E:\A_Lance\php_niqiu\Application\Runtime\Cache\Home\2a94b8bda04ff446dcedd42276fc99ee.php 第 119 行.
NOTIC: [8] Undefined index: plan E:\A_Lance\php_niqiu\Application\Runtime\Cache\Home\2a94b8bda04ff446dcedd42276fc99ee.php 第 120 行.
NOTIC: [8] Undefined index: unit E:\A_Lance\php_niqiu\Application\Runtime\Cache\Home\2a94b8bda04ff446dcedd42276fc99ee.php 第 121 行.
INFO: Run Behavior\ParseTemplateBehavior [ RunTime:0.007186s ]
INFO: [ view_parse ] --END-- [ RunTime:0.007254s ]
INFO: [ view_filter ] --START--
INFO: Run Behavior\WriteHtmlCacheBehavior [ RunTime:0.000295s ]
INFO: [ view_filter ] --END-- [ RunTime:0.000322s ]
INFO: [ app_end ] --START--
INFO: Run Behavior\ShowPageTraceBehavior [ RunTime:0.000514s ]
INFO: [ app_end ] --END-- [ RunTime:0.000549s ]

[ 2019-05-17T16:26:43+08:00 ] 127.0.0.1 /
INFO: [ app_init ] --START--
INFO: Run Behavior\BuildLiteBehavior [ RunTime:0.000013s ]
INFO: [ app_init ] --END-- [ RunTime:0.000451s ]
INFO: [ app_begin ] --START--
INFO: Run Behavior\ReadHtmlCacheBehavior [ RunTime:0.000683s ]
INFO: [ app_begin ] --END-- [ RunTime:0.000720s ]
NOTIC: [8] Undefined index: keyword E:\A_Lance\php_niqiu\Application\Home\Controller\IndexController.class.php 第 8 行.
NOTIC: [8] Undefined index: plan E:\A_Lance\php_niqiu\Application\Home\Controller\IndexController.class.php 第 9 行.
NOTIC: [8] Undefined index: unit E:\A_Lance\php_niqiu\Application\Home\Controller\IndexController.class.php 第 10 行.
SQL: SHOW COLUMNS FROM `info` [ RunTime:0.0383s ]
SQL: SELECT `phone` FROM `info` WHERE ( id = '1' ) LIMIT 1   [ RunTime:0.0348s ]
SQL: SELECT `code` FROM `info` WHERE ( id = '1' ) LIMIT 1   [ RunTime:0.0358s ]
INFO: [ view_parse ] --START--
INFO: [ template_filter ] --START--
INFO: Run Behavior\ContentReplaceBehavior [ RunTime:0.000104s ]
INFO: [ template_filter ] --END-- [ RunTime:0.000147s ]
NOTIC: [8] A session had already been started - ignoring session_start() E:\A_Lance\php_niqiu\Application\Runtime\Cache\Home\2a94b8bda04ff446dcedd42276fc99ee.php 第 1 行.
NOTIC: [8] Undefined index: keyword E:\A_Lance\php_niqiu\Application\Runtime\Cache\Home\2a94b8bda04ff446dcedd42276fc99ee.php 第 70 行.
NOTIC: [8] Undefined index: plan E:\A_Lance\php_niqiu\Application\Runtime\Cache\Home\2a94b8bda04ff446dcedd42276fc99ee.php 第 71 行.
NOTIC: [8] Undefined index: unit E:\A_Lance\php_niqiu\Application\Runtime\Cache\Home\2a94b8bda04ff446dcedd42276fc99ee.php 第 72 行.
NOTIC: [8] Undefined index: keyword E:\A_Lance\php_niqiu\Application\Runtime\Cache\Home\2a94b8bda04ff446dcedd42276fc99ee.php 第 119 行.
NOTIC: [8] Undefined index: plan E:\A_Lance\php_niqiu\Application\Runtime\Cache\Home\2a94b8bda04ff446dcedd42276fc99ee.php 第 120 行.
NOTIC: [8] Undefined index: unit E:\A_Lance\php_niqiu\Application\Runtime\Cache\Home\2a94b8bda04ff446dcedd42276fc99ee.php 第 121 行.
INFO: Run Behavior\ParseTemplateBehavior [ RunTime:0.008888s ]
INFO: [ view_parse ] --END-- [ RunTime:0.008936s ]
INFO: [ view_filter ] --START--
INFO: Run Behavior\WriteHtmlCacheBehavior [ RunTime:0.000539s ]
INFO: [ view_filter ] --END-- [ RunTime:0.000568s ]
INFO: [ app_end ] --START--
INFO: Run Behavior\ShowPageTraceBehavior [ RunTime:0.000831s ]
INFO: [ app_end ] --END-- [ RunTime:0.000880s ]

[ 2019-05-17T16:26:49+08:00 ] 127.0.0.1 /add
INFO: [ app_init ] --START--
INFO: Run Behavior\BuildLiteBehavior [ RunTime:0.000011s ]
INFO: [ app_init ] --END-- [ RunTime:0.000401s ]
INFO: [ app_begin ] --START--
INFO: Run Behavior\ReadHtmlCacheBehavior [ RunTime:0.000903s ]
INFO: [ app_begin ] --END-- [ RunTime:0.000970s ]
NOTIC: [8] Undefined index: keyword E:\A_Lance\php_niqiu\Application\Home\Controller\IndexController.class.php 第 8 行.
NOTIC: [8] Undefined index: plan E:\A_Lance\php_niqiu\Application\Home\Controller\IndexController.class.php 第 9 行.
NOTIC: [8] Undefined index: unit E:\A_Lance\php_niqiu\Application\Home\Controller\IndexController.class.php 第 10 行.
SQL: SHOW COLUMNS FROM `guestbook` [ RunTime:0.0429s ]
SQL: SELECT * FROM `guestbook` WHERE `name` = '易大师' AND `phone` = '15888888888' LIMIT 1   [ RunTime:0.0415s ]
SQL: INSERT INTO `guestbook` (`name`,`phone`,`address`,`content`,`is_read`,`diqu`,`mip`,`create_time`) VALUES ('易大师','15888888888','','','0','plan=&unit=&keyword=','127.0.0.1','1558081609') [ RunTime:0.0417s ]
INFO: [ app_end ] --START--
INFO: Run Behavior\ShowPageTraceBehavior [ RunTime:0.000824s ]
INFO: [ app_end ] --END-- [ RunTime:0.000856s ]

[ 2019-05-17T16:26:52+08:00 ] 127.0.0.1 /add
INFO: [ app_init ] --START--
INFO: Run Behavior\BuildLiteBehavior [ RunTime:0.000013s ]
INFO: [ app_init ] --END-- [ RunTime:0.000414s ]
INFO: [ app_begin ] --START--
INFO: Run Behavior\ReadHtmlCacheBehavior [ RunTime:0.000539s ]
INFO: [ app_begin ] --END-- [ RunTime:0.000584s ]
NOTIC: [8] Undefined index: keyword E:\A_Lance\php_niqiu\Application\Home\Controller\IndexController.class.php 第 8 行.
NOTIC: [8] Undefined index: plan E:\A_Lance\php_niqiu\Application\Home\Controller\IndexController.class.php 第 9 行.
NOTIC: [8] Undefined index: unit E:\A_Lance\php_niqiu\Application\Home\Controller\IndexController.class.php 第 10 行.
INFO: [ app_end ] --START--
INFO: Run Behavior\ShowPageTraceBehavior [ RunTime:0.000556s ]
INFO: [ app_end ] --END-- [ RunTime:0.000599s ]

[ 2019-05-17T16:27:02+08:00 ] 127.0.0.1 /
INFO: [ app_init ] --START--
INFO: Run Behavior\BuildLiteBehavior [ RunTime:0.000015s ]
INFO: [ app_init ] --END-- [ RunTime:0.000407s ]
INFO: [ app_begin ] --START--
INFO: Run Behavior\ReadHtmlCacheBehavior [ RunTime:0.000545s ]
INFO: [ app_begin ] --END-- [ RunTime:0.000589s ]
NOTIC: [8] Undefined index: keyword E:\A_Lance\php_niqiu\Application\Home\Controller\IndexController.class.php 第 8 行.
NOTIC: [8] Undefined index: plan E:\A_Lance\php_niqiu\Application\Home\Controller\IndexController.class.php 第 9 行.
NOTIC: [8] Undefined index: unit E:\A_Lance\php_niqiu\Application\Home\Controller\IndexController.class.php 第 10 行.
SQL: SHOW COLUMNS FROM `info` [ RunTime:0.0375s ]
SQL: SELECT `phone` FROM `info` WHERE ( id = '1' ) LIMIT 1   [ RunTime:0.0361s ]
SQL: SELECT `code` FROM `info` WHERE ( id = '1' ) LIMIT 1   [ RunTime:0.0360s ]
INFO: [ view_parse ] --START--
INFO: [ template_filter ] --START--
INFO: Run Behavior\ContentReplaceBehavior [ RunTime:0.000097s ]
INFO: [ template_filter ] --END-- [ RunTime:0.000134s ]
NOTIC: [8] A session had already been started - ignoring session_start() E:\A_Lance\php_niqiu\Application\Runtime\Cache\Home\2a94b8bda04ff446dcedd42276fc99ee.php 第 1 行.
NOTIC: [8] Undefined index: keyword E:\A_Lance\php_niqiu\Application\Runtime\Cache\Home\2a94b8bda04ff446dcedd42276fc99ee.php 第 70 行.
NOTIC: [8] Undefined index: plan E:\A_Lance\php_niqiu\Application\Runtime\Cache\Home\2a94b8bda04ff446dcedd42276fc99ee.php 第 71 行.
NOTIC: [8] Undefined index: unit E:\A_Lance\php_niqiu\Application\Runtime\Cache\Home\2a94b8bda04ff446dcedd42276fc99ee.php 第 72 行.
NOTIC: [8] Undefined index: keyword E:\A_Lance\php_niqiu\Application\Runtime\Cache\Home\2a94b8bda04ff446dcedd42276fc99ee.php 第 119 行.
NOTIC: [8] Undefined index: plan E:\A_Lance\php_niqiu\Application\Runtime\Cache\Home\2a94b8bda04ff446dcedd42276fc99ee.php 第 120 行.
NOTIC: [8] Undefined index: unit E:\A_Lance\php_niqiu\Application\Runtime\Cache\Home\2a94b8bda04ff446dcedd42276fc99ee.php 第 121 行.
INFO: Run Behavior\ParseTemplateBehavior [ RunTime:0.006793s ]
INFO: [ view_parse ] --END-- [ RunTime:0.006853s ]
INFO: [ view_filter ] --START--
INFO: Run Behavior\WriteHtmlCacheBehavior [ RunTime:0.000322s ]
INFO: [ view_filter ] --END-- [ RunTime:0.000354s ]
INFO: [ app_end ] --START--
INFO: Run Behavior\ShowPageTraceBehavior [ RunTime:0.000514s ]
INFO: [ app_end ] --END-- [ RunTime:0.000549s ]

[ 2019-05-17T16:31:19+08:00 ] 127.0.0.1 /
INFO: [ app_init ] --START--
INFO: Run Behavior\BuildLiteBehavior [ RunTime:0.000013s ]
INFO: [ app_init ] --END-- [ RunTime:0.000484s ]
INFO: [ app_begin ] --START--
INFO: Run Behavior\ReadHtmlCacheBehavior [ RunTime:0.000845s ]
INFO: [ app_begin ] --END-- [ RunTime:0.000910s ]
NOTIC: [8] Undefined index: keyword E:\A_Lance\php_niqiu\Application\Home\Controller\IndexController.class.php 第 8 行.
NOTIC: [8] Undefined index: plan E:\A_Lance\php_niqiu\Application\Home\Controller\IndexController.class.php 第 9 行.
NOTIC: [8] Undefined index: unit E:\A_Lance\php_niqiu\Application\Home\Controller\IndexController.class.php 第 10 行.
SQL: SHOW COLUMNS FROM `info` [ RunTime:0.0408s ]
SQL: SELECT `phone` FROM `info` WHERE ( id = '1' ) LIMIT 1   [ RunTime:0.0390s ]
SQL: SELECT `code` FROM `info` WHERE ( id = '1' ) LIMIT 1   [ RunTime:0.0390s ]
INFO: [ view_parse ] --START--
INFO: [ template_filter ] --START--
INFO: Run Behavior\ContentReplaceBehavior [ RunTime:0.000190s ]
INFO: [ template_filter ] --END-- [ RunTime:0.000265s ]
NOTIC: [8] A session had already been started - ignoring session_start() E:\A_Lance\php_niqiu\Application\Runtime\Cache\Home\2a94b8bda04ff446dcedd42276fc99ee.php 第 1 行.
NOTIC: [8] Undefined index: keyword E:\A_Lance\php_niqiu\Application\Runtime\Cache\Home\2a94b8bda04ff446dcedd42276fc99ee.php 第 70 行.
NOTIC: [8] Undefined index: plan E:\A_Lance\php_niqiu\Application\Runtime\Cache\Home\2a94b8bda04ff446dcedd42276fc99ee.php 第 71 行.
NOTIC: [8] Undefined index: unit E:\A_Lance\php_niqiu\Application\Runtime\Cache\Home\2a94b8bda04ff446dcedd42276fc99ee.php 第 72 行.
NOTIC: [8] Undefined index: keyword E:\A_Lance\php_niqiu\Application\Runtime\Cache\Home\2a94b8bda04ff446dcedd42276fc99ee.php 第 119 行.
NOTIC: [8] Undefined index: plan E:\A_Lance\php_niqiu\Application\Runtime\Cache\Home\2a94b8bda04ff446dcedd42276fc99ee.php 第 120 行.
NOTIC: [8] Undefined index: unit E:\A_Lance\php_niqiu\Application\Runtime\Cache\Home\2a94b8bda04ff446dcedd42276fc99ee.php 第 121 行.
INFO: Run Behavior\ParseTemplateBehavior [ RunTime:0.013896s ]
INFO: [ view_parse ] --END-- [ RunTime:0.013989s ]
INFO: [ view_filter ] --START--
INFO: Run Behavior\WriteHtmlCacheBehavior [ RunTime:0.000875s ]
INFO: [ view_filter ] --END-- [ RunTime:0.000936s ]
INFO: [ app_end ] --START--
INFO: Run Behavior\ShowPageTraceBehavior [ RunTime:0.001281s ]
INFO: [ app_end ] --END-- [ RunTime:0.001351s ]

[ 2019-05-17T16:51:43+08:00 ] 127.0.0.1 /index.php
INFO: [ app_init ] --START--
INFO: Run Behavior\BuildLiteBehavior [ RunTime:0.000022s ]
INFO: [ app_init ] --END-- [ RunTime:0.000781s ]
INFO: [ app_begin ] --START--
INFO: Run Behavior\ReadHtmlCacheBehavior [ RunTime:0.001896s ]
INFO: [ app_begin ] --END-- [ RunTime:0.001979s ]
NOTIC: [8] Undefined index: keyword E:\A_Lance\php_niqiu\Application\Home\Controller\IndexController.class.php 第 8 行.
NOTIC: [8] Undefined index: plan E:\A_Lance\php_niqiu\Application\Home\Controller\IndexController.class.php 第 9 行.
NOTIC: [8] Undefined index: unit E:\A_Lance\php_niqiu\Application\Home\Controller\IndexController.class.php 第 10 行.
ERR: SQLSTATE[HY000] [1045] Access denied for user 'root'@'localhost' (using password: YES)

